<?xml version="1.0" encoding="UTF-8"?>
<!-- Generated by org.testng.reporters.JUnitReportReporter -->
<testsuite hostname="LAPTOP-A7SUVKM6" failures="0" tests="8" name="com.inventory.VendorTest" time="11.686" errors="0" timestamp="2022-06-13T18:59:25 IST" skipped="0">
  <testcase classname="com.inventory.VendorTest" name="launchInventoryMS" time="6.400"/>
  <system-out/>
  <testcase classname="com.inventory.VendorTest" name="vendorlogin" time="0.106"/>
  <system-out/>
  <testcase classname="com.inventory.VendorTest" name="alert1" time="2.027"/>
  <system-out/>
  <testcase classname="com.inventory.VendorTest" name="login" time="0.309"/>
  <system-out/>
  <testcase classname="com.inventory.VendorTest" name="alert" time="2.021"/>
  <system-out/>
  <testcase classname="com.inventory.VendorTest" name="clickviewsales" time="0.161"/>
  <system-out/>
  <testcase classname="com.inventory.VendorTest" name="vregister" time="0.089"/>
  <system-out/>
  <testcase classname="com.inventory.VendorTest" name="register" time="0.573"/>
  <system-out/>
</testsuite> <!-- com.inventory.VendorTest -->
