<?xml version="1.0" encoding="UTF-8"?>
<!-- Generated by org.testng.reporters.JUnitReportReporter -->
<testsuite hostname="LAPTOP-A7SUVKM6" failures="0" tests="9" name="com.inventory.CustomerTest" time="11.623" errors="0" timestamp="2022-06-13T18:45:05 IST" skipped="0">
  <testcase classname="com.inventory.CustomerTest" name="launchInventoryMS" time="6.166"/>
  <system-out/>
  <testcase classname="com.inventory.CustomerTest" name="cregister" time="0.088"/>
  <system-out/>
  <testcase classname="com.inventory.CustomerTest" name="register" time="0.723"/>
  <system-out/>
  <testcase classname="com.inventory.CustomerTest" name="alert1" time="2.026"/>
  <system-out/>
  <testcase classname="com.inventory.CustomerTest" name="clickviewitem" time="0.174"/>
  <system-out/>
  <testcase classname="com.inventory.CustomerTest" name="alert" time="2.027"/>
  <system-out/>
  <testcase classname="com.inventory.CustomerTest" name="welcome" time="0.002"/>
  <system-out/>
  <testcase classname="com.inventory.CustomerTest" name="customerlogin" time="0.101"/>
  <system-out/>
  <testcase classname="com.inventory.CustomerTest" name="login" time="0.316"/>
  <system-out/>
</testsuite> <!-- com.inventory.CustomerTest -->
