<?xml version="1.0" encoding="UTF-8"?>
<!-- Generated by org.testng.reporters.JUnitReportReporter -->
<testsuite hostname="LAPTOP-A7SUVKM6" failures="0" tests="6" name="com.inventory.AdminTest" time="8.905" errors="0" timestamp="2022-06-13T18:13:09 IST" skipped="0">
  <testcase classname="com.inventory.AdminTest" name="login" time="0.265"/>
  <system-out/>
  <testcase classname="com.inventory.AdminTest" name="clickviewitem" time="0.231"/>
  <system-out/>
  <testcase classname="com.inventory.AdminTest" name="welcome" time="0.001"/>
  <system-out/>
  <testcase classname="com.inventory.AdminTest" name="adminlogin" time="0.099"/>
  <system-out/>
  <testcase classname="com.inventory.AdminTest" name="launchInventoryMS" time="6.267"/>
  <system-out/>
  <testcase classname="com.inventory.AdminTest" name="alert" time="2.042"/>
  <system-out/>
</testsuite> <!-- com.inventory.AdminTest -->
